<?xml version="1.0" encoding="UTF-8"?>
<!-- Generated by org.testng.reporters.JUnitReportReporter -->
<testsuite skipped="4" hostname="BHAVNAWKS086" name="com.gmail.mail.SendMail" tests="4" failures="0" timestamp="28 Aug 2018 11:45:01 GMT" time="0.000" errors="0">
  <testcase name="composeMailBtnClick" time="0.000" classname="com.gmail.mail.SendMail">
    <skipped/>
  </testcase> <!-- composeMailBtnClick -->
  <testcase name="composeToFrom" time="0.000" classname="com.gmail.mail.SendMail">
    <skipped/>
  </testcase> <!-- composeToFrom -->
  <testcase name="composeMailAttachment" time="0.000" classname="com.gmail.mail.SendMail">
    <skipped/>
  </testcase> <!-- composeMailAttachment -->
  <testcase name="sendMail" time="0.000" classname="com.gmail.mail.SendMail">
    <skipped/>
  </testcase> <!-- sendMail -->
</testsuite> <!-- com.gmail.mail.SendMail -->
