<?xml version="1.0" encoding="UTF-8"?>
<!-- Generated by org.testng.reporters.JUnitReportReporter -->
<testsuite skipped="0" hostname="BHAVNAWKS086" name="com.irctc.login.Registration" tests="2" failures="0" timestamp="03 Jul 2018 07:45:44 GMT" time="1.035" errors="0">
  <testcase name="login" time="1.034" classname="com.irctc.login.Registration"/>
  <testcase name="register" time="0.001" classname="com.irctc.login.Registration"/>
</testsuite> <!-- com.irctc.login.Registration -->
