<?xml version="1.0" encoding="UTF-8"?>
<!-- Generated by org.testng.reporters.JUnitReportReporter -->
<testsuite skipped="0" hostname="BHAVNAWKS086" name="com.irctc.login.Registration" tests="2" failures="0" timestamp="28 Jun 2018 13:47:07 GMT" time="0.005" errors="0">
  <testcase name="login" time="0.004" classname="com.irctc.login.Registration"/>
  <testcase name="register" time="0.001" classname="com.irctc.login.Registration"/>
</testsuite> <!-- com.irctc.login.Registration -->
