<?xml version="1.0" encoding="UTF-8"?>
<!-- Generated by org.testng.reporters.JUnitReportReporter -->
<testsuite skipped="0" hostname="BHAVNAWKS086" name="com.gmail.mail.SendMail" tests="4" failures="0" timestamp="10 Aug 2018 11:32:34 GMT" time="25.757" errors="0">
  <testcase name="composeMailBtnClick" time="5.127" classname="com.gmail.mail.SendMail"/>
  <testcase name="composeToFrom" time="9.484" classname="com.gmail.mail.SendMail"/>
  <testcase name="composeMailAttachment" time="5.111" classname="com.gmail.mail.SendMail"/>
  <testcase name="sendMail" time="6.035" classname="com.gmail.mail.SendMail"/>
</testsuite> <!-- com.gmail.mail.SendMail -->
