<?xml version="1.0" encoding="UTF-8"?>
<!-- Generated by org.testng.reporters.JUnitReportReporter -->
<testsuite skipped="0" hostname="BHAVNAWKS086" name="com.gmail.login.Test1" tests="1" failures="0" timestamp="24 Jul 2018 11:22:28 GMT" time="22.384" errors="0">
  <testcase name="assertTitle" time="22.384" classname="com.gmail.login.Test1"/>
</testsuite> <!-- com.gmail.login.Test1 -->
