<?xml version="1.0" encoding="UTF-8"?>
<!-- Generated by org.testng.reporters.JUnitReportReporter -->
<testsuite skipped="0" hostname="BHAVNAWKS086" name="com.gmail.mail.SendMail" tests="5" failures="0" timestamp="04 Jul 2018 13:56:51 GMT" time="12.555" errors="0">
  <testcase name="login" time="1.399" classname="com.gmail.mail.SendMail"/>
  <testcase name="composeMailBtnClick" time="4.211" classname="com.gmail.mail.SendMail"/>
  <testcase name="composeToFrom" time="5.887" classname="com.gmail.mail.SendMail"/>
  <testcase name="composeMailAttachment" time="0.123" classname="com.gmail.mail.SendMail"/>
  <testcase name="sendMail" time="0.935" classname="com.gmail.mail.SendMail"/>
</testsuite> <!-- com.gmail.mail.SendMail -->
