<?xml version="1.0" encoding="UTF-8"?>
<!-- Generated by org.testng.reporters.JUnitReportReporter -->
<testsuite skipped="0" hostname="BHAVNAWKS086" name="com.gmail.mail.SendMail" tests="5" failures="0" timestamp="03 Aug 2018 13:46:29 GMT" time="23.997" errors="0">
  <testcase name="login" time="1.435" classname="com.gmail.mail.SendMail"/>
  <testcase name="composeMailBtnClick" time="5.153" classname="com.gmail.mail.SendMail"/>
  <testcase name="composeToFrom" time="6.348" classname="com.gmail.mail.SendMail"/>
  <testcase name="composeMailAttachment" time="5.125" classname="com.gmail.mail.SendMail"/>
  <testcase name="sendMail" time="5.936" classname="com.gmail.mail.SendMail"/>
</testsuite> <!-- com.gmail.mail.SendMail -->
