<?xml version="1.0" encoding="UTF-8"?>
<!-- Generated by org.testng.reporters.JUnitReportReporter -->
<testsuite skipped="0" hostname="BHAVNAWKS086" name="com.gmail.mail.SendMail" tests="5" failures="0" timestamp="05 Jul 2018 11:50:16 GMT" time="24.023" errors="0">
  <testcase name="login" time="1.884" classname="com.gmail.mail.SendMail"/>
  <testcase name="composeMailBtnClick" time="5.226" classname="com.gmail.mail.SendMail"/>
  <testcase name="composeToFrom" time="5.803" classname="com.gmail.mail.SendMail"/>
  <testcase name="composeMailAttachment" time="5.122" classname="com.gmail.mail.SendMail"/>
  <testcase name="sendMail" time="5.988" classname="com.gmail.mail.SendMail"/>
</testsuite> <!-- com.gmail.mail.SendMail -->
