<?xml version="1.0" encoding="UTF-8"?>
<!-- Generated by org.testng.reporters.JUnitReportReporter -->
<testsuite skipped="0" hostname="BHAVNAWKS086" name="com.gmail.login.Login" tests="1" failures="0" timestamp="21 Aug 2018 14:20:57 GMT" time="1.775" errors="0">
  <testcase name="login" time="1.775" classname="com.gmail.login.Login"/>
</testsuite> <!-- com.gmail.login.Login -->
