<?xml version="1.0" encoding="UTF-8"?>
<!-- Generated by org.testng.reporters.JUnitReportReporter -->
<testsuite skipped="0" hostname="BHAVNAWKS086" name="com.gmail.mail.SendMail" tests="4" failures="0" timestamp="28 Aug 2018 07:23:41 GMT" time="27.089" errors="0">
  <testcase name="composeMailBtnClick" time="11.816" classname="com.gmail.mail.SendMail"/>
  <testcase name="composeToFrom" time="1.835" classname="com.gmail.mail.SendMail"/>
  <testcase name="composeMailAttachment" time="5.140" classname="com.gmail.mail.SendMail"/>
  <testcase name="sendMail" time="8.298" classname="com.gmail.mail.SendMail"/>
</testsuite> <!-- com.gmail.mail.SendMail -->
