<?xml version="1.0" encoding="UTF-8"?>
<!-- Generated by org.testng.reporters.JUnitReportReporter -->
<testsuite skipped="0" hostname="BHAVNAWKS086" name="com.gmail.composemail.ComposeMail" tests="4" failures="0" timestamp="04 Jul 2018 12:13:18 GMT" time="11.437" errors="0">
  <testcase name="login" time="1.451" classname="com.gmail.composemail.ComposeMail"/>
  <testcase name="composeMailBtnClick" time="4.156" classname="com.gmail.composemail.ComposeMail"/>
  <testcase name="composeToFrom" time="5.705" classname="com.gmail.composemail.ComposeMail"/>
  <testcase name="composeMailAttachment" time="0.125" classname="com.gmail.composemail.ComposeMail"/>
</testsuite> <!-- com.gmail.composemail.ComposeMail -->
