<?xml version="1.0" encoding="UTF-8"?>
<!-- Generated by org.testng.reporters.JUnitReportReporter -->
<testsuite skipped="0" hostname="BHAVNAWKS086" name="com.gmail.login.LoginExcel" tests="1" failures="0" timestamp="28 Aug 2018 14:10:26 GMT" time="49.101" errors="0">
  <testcase name="login1" time="49.101" classname="com.gmail.login.LoginExcel"/>
</testsuite> <!-- com.gmail.login.LoginExcel -->
