<?xml version="1.0" encoding="UTF-8"?>
<!-- Generated by org.testng.reporters.JUnitReportReporter -->
<testsuite skipped="0" hostname="BHAVNAWKS086" name="com.irctc.base.StartBrowser" tests="1" failures="0" timestamp="28 Jun 2018 12:33:04 GMT" time="7.151" errors="0">
  <testcase name="openBrowser" time="7.151" classname="com.irctc.base.StartBrowser"/>
</testsuite> <!-- com.irctc.base.StartBrowser -->
