<?xml version="1.0" encoding="UTF-8"?>
<!-- Generated by org.testng.reporters.JUnitReportReporter -->
<testsuite skipped="0" hostname="BHAVNAWKS086" name="com.gmail.login.Login" tests="1" failures="0" timestamp="21 Aug 2018 09:55:52 GMT" time="1.430" errors="0">
  <testcase name="login" time="1.430" classname="com.gmail.login.Login"/>
</testsuite> <!-- com.gmail.login.Login -->
