<?xml version="1.0" encoding="UTF-8"?>
<!-- Generated by org.testng.reporters.JUnitReportReporter -->
<testsuite skipped="0" hostname="BHAVNAWKS086" name="com.gmail.mail.SendMail" tests="4" failures="0" timestamp="21 Aug 2018 09:55:52 GMT" time="29.235" errors="0">
  <testcase name="composeMailBtnClick" time="11.929" classname="com.gmail.mail.SendMail"/>
  <testcase name="composeToFrom" time="3.225" classname="com.gmail.mail.SendMail"/>
  <testcase name="composeMailAttachment" time="5.124" classname="com.gmail.mail.SendMail"/>
  <testcase name="sendMail" time="8.957" classname="com.gmail.mail.SendMail"/>
</testsuite> <!-- com.gmail.mail.SendMail -->
