<?xml version="1.0" encoding="UTF-8"?>
<!-- Generated by org.testng.reporters.JUnitReportReporter -->
<testsuite skipped="0" hostname="BHAVNAWKS086" name="com.gmail.login.Login" tests="1" failures="0" timestamp="08 Aug 2018 13:22:05 GMT" time="1.422" errors="0">
  <testcase name="login" time="1.422" classname="com.gmail.login.Login"/>
</testsuite> <!-- com.gmail.login.Login -->
