<?xml version="1.0" encoding="UTF-8"?>
<!-- Generated by org.testng.reporters.JUnitReportReporter -->
<testsuite skipped="0" hostname="BHAVNAWKS086" name="com.gmail.mail.SendMail" tests="4" failures="0" timestamp="21 Aug 2018 13:14:29 GMT" time="26.939" errors="0">
  <testcase name="composeMailBtnClick" time="11.907" classname="com.gmail.mail.SendMail"/>
  <testcase name="composeToFrom" time="1.639" classname="com.gmail.mail.SendMail"/>
  <testcase name="composeMailAttachment" time="5.145" classname="com.gmail.mail.SendMail"/>
  <testcase name="sendMail" time="8.248" classname="com.gmail.mail.SendMail"/>
</testsuite> <!-- com.gmail.mail.SendMail -->
