<?xml version="1.0" encoding="UTF-8"?>
<!-- Generated by org.testng.reporters.JUnitReportReporter -->
<testsuite skipped="0" hostname="BHAVNAWKS086" name="com.gmail.mail.DeleteSentMail" tests="1" failures="0" timestamp="28 Aug 2018 13:51:36 GMT" time="0.004" errors="0">
  <testcase name="deleteSentMail" time="0.004" classname="com.gmail.mail.DeleteSentMail"/>
</testsuite> <!-- com.gmail.mail.DeleteSentMail -->
